


ARM Macro Assembler    Page 1 


    1 00000000         ;*******************************************************
                       *************************************************
    2 00000000         ;                                              uC/OS-II
    3 00000000         ;                                        The Real-Time K
                       ernel
    4 00000000         ;
    5 00000000         ;                    Copyright 1992-2021 Silicon Laborat
                       ories Inc. www.silabs.com
    6 00000000         ;
    7 00000000         ;                                 SPDX-License-Identifie
                       r: APACHE-2.0
    8 00000000         ;
    9 00000000         ;               This software is subject to an open sour
                       ce license and is distributed by
   10 00000000         ;                Silicon Laboratories Inc. pursuant to t
                       he terms of the Apache License,
   11 00000000         ;                    Version 2.0 available at www.apache
                       .org/licenses/LICENSE-2.0.
   12 00000000         ;
   13 00000000         ;*******************************************************
                       *************************************************
   14 00000000         
   15 00000000         ;*******************************************************
                       *************************************************
   16 00000000         ;
   17 00000000         ;                                             ARMv7-M Po
                       rt
   18 00000000         ;
   19 00000000         ; Filename  : os_cpu_a.asm
   20 00000000         ; Version   : V2.93.01
   21 00000000         ;*******************************************************
                       *************************************************
   22 00000000         ; For       : ARMv7-M Cortex-M
   23 00000000         ; Mode      : Thumb-2 ISA
   24 00000000         ; Toolchain : ARM C Compiler
   25 00000000         ;*******************************************************
                       *************************************************
   26 00000000         ; Note(s)   : (1) This port supports the ARM Cortex-M3, 
                       Cortex-M4 and Cortex-M7 architectures.
   27 00000000         ;             (2) It has been tested with the following 
                       Hardware Floating Point Unit.
   28 00000000         ;                 (a) Single-precision: FPv4-SP-D16-M an
                       d FPv5-SP-D16-M
   29 00000000         ;                 (b) Double-precision: FPv5-D16-M
   30 00000000         ;*******************************************************
                       *************************************************
   31 00000000         
   32 00000000         ;*******************************************************
                       *************************************************
   33 00000000         ;                                          PUBLIC FUNCTI
                       ONS
   34 00000000         ;*******************************************************
                       *************************************************
   35 00000000         
   36 00000000                 EXTERN           OSRunning   ; External referenc
                                                            es
   37 00000000                 EXTERN           OSPrioCur
   38 00000000                 EXTERN           OSPrioHighRdy
   39 00000000                 EXTERN           OSTCBCur



ARM Macro Assembler    Page 2 


   40 00000000                 EXTERN           OSTCBHighRdy
   41 00000000                 EXTERN           OSIntExit
   42 00000000                 EXTERN           OSTaskSwHook
   43 00000000                 EXTERN           OS_CPU_ExceptStkBase
   44 00000000                 EXTERN           OS_KA_BASEPRI_Boundary
   45 00000000         
   46 00000000         
   47 00000000                 EXPORT           OSStartHighRdy ; Functions decl
                                                            ared in this file
   48 00000000                 EXPORT           OS_CPU_SR_Save
   49 00000000                 EXPORT           OS_CPU_SR_Restore
   50 00000000                 EXPORT           OSCtxSw
   51 00000000                 EXPORT           OSIntCtxSw
   52 00000000                 EXPORT           OS_CPU_PendSVHandler
   53 00000000         ;EXPORT  SystemInit
   54 00000000         
   55 00000000                 IF               {FPU} != "SoftVFP"
   58                          ENDIF
   59 00000000         
   60 00000000         
   61 00000000         ;*******************************************************
                       *************************************************
   62 00000000         ;                                               EQUATES
   63 00000000         ;*******************************************************
                       *************************************************
   64 00000000         
   65 00000000 E000ED04 
                       NVIC_INT_CTRL
                               EQU              0xE000ED04  ; Interrupt control
                                                             state register.
   66 00000000 E000ED22 
                       NVIC_SYSPRI14
                               EQU              0xE000ED22  ; System priority r
                                                            egister (priority 1
                                                            4).
   67 00000000 000000FF 
                       NVIC_PENDSV_PRI
                               EQU              0xFF        ; PendSV priority v
                                                            alue (lowest).
   68 00000000 10000000 
                       NVIC_PENDSVSET
                               EQU              0x10000000  ; Value to trigger 
                                                            PendSV exception.
   69 00000000         
   70 00000000         
   71 00000000         ;*******************************************************
                       *************************************************
   72 00000000         ;                                     CODE GENERATION DI
                       RECTIVES
   73 00000000         ;*******************************************************
                       *************************************************
   74 00000000         
   75 00000000                 AREA             |.text|, CODE, READONLY, ALIGN=
2
   76 00000000                 THUMB
   77 00000000                 REQUIRE8
   78 00000000                 PRESERVE8
   79 00000000         
   80 00000000         



ARM Macro Assembler    Page 3 


   81 00000000         ;*******************************************************
                       *************************************************
   82 00000000         ;                                   FLOATING POINT REGIS
                       TERS PUSH
   83 00000000         ;                             void  OS_CPU_FP_Reg_Push (
                       OS_STK  *stkPtr)
   84 00000000         ;
   85 00000000         ; Note(s) : 1) This function saves S16-S31 registers of 
                       the Floating Point Unit.
   86 00000000         ;
   87 00000000         ;           2) Pseudo-code is:
   88 00000000         ;              a) Push remaining FPU regs S16-S31 on pro
                       cess stack;
   89 00000000         ;              b) Update OSTCBCur->OSTCBStkPtr;
   90 00000000         ;*******************************************************
                       *************************************************
   91 00000000         
   92 00000000                 IF               {FPU} != "SoftVFP"
  105                          ENDIF
  106 00000000         
  107 00000000         
  108 00000000         ;*******************************************************
                       *************************************************
  109 00000000         ;                                   FLOATING POINT REGIS
                       TERS POP
  110 00000000         ;                             void  OS_CPU_FP_Reg_Pop (O
                       S_STK  *stkPtr)
  111 00000000         ;
  112 00000000         ; Note(s) : 1) This function restores S16-S31 of the Flo
                       ating Point Unit.
  113 00000000         ;
  114 00000000         ;           2) Pseudo-code is:
  115 00000000         ;              a) Restore regs S16-S31 of new process st
                       ack;
  116 00000000         ;              b) Update OSTCBHighRdy->OSTCBStkPtr point
                       er of new proces stack;
  117 00000000         ;*******************************************************
                       *************************************************
  118 00000000         
  119 00000000                 IF               {FPU} != "SoftVFP"
  128                          ENDIF
  129 00000000         
  130 00000000         
  131 00000000         ;*******************************************************
                       *************************************************
  132 00000000         ;                                   CRITICAL SECTION MET
                       HOD 3 FUNCTIONS
  133 00000000         ;
  134 00000000         ; Description : Disable/Enable Kernel aware interrupts b
                       y preserving the state of BASEPRI.  Generally speaking,
  135 00000000         ;               the state of the BASEPRI interrupt excep
                       tion processing is stored in the local variable
  136 00000000         ;               'cpu_sr' & Kernel Aware interrupts are t
                       hen disabled ('cpu_sr' is allocated in all functions
  137 00000000         ;               that need to disable Kernel aware interr
                       upts). The previous BASEPRI interrupt state is restored
  138 00000000         ;               by copying 'cpu_sr' into the BASEPRI reg
                       ister.
  139 00000000         ;



ARM Macro Assembler    Page 4 


  140 00000000         ; Prototypes  : OS_CPU_SR  OS_CPU_SR_Save   (OS_CPU_SR  
                       new_basepri);
  141 00000000         ;               void       OS_CPU_SR_Restore(OS_CPU_SR  
                       cpu_sr);
  142 00000000         ;
  143 00000000         ;
  144 00000000         ; Note(s)     : 1) These functions are used in general l
                       ike this:
  145 00000000         ;
  146 00000000         ;                  void Task (void *p_arg)
  147 00000000         ;                  {
  148 00000000         ;                  #if OS_CRITICAL_METHOD == 3          
                       /* Allocate storage for CPU status register  */
  149 00000000         ;                      OS_CPU_SR  cpu_sr;
  150 00000000         ;                  #endif
  151 00000000         ;
  152 00000000         ;                          :
  153 00000000         ;                          :
  154 00000000         ;                      OS_ENTER_CRITICAL();             
                       /* cpu_sr = OS_CPU_SR_Save(new_basepri);     */
  155 00000000         ;                          :
  156 00000000         ;                          :
  157 00000000         ;                      OS_EXIT_CRITICAL();              
                       /* OS_CPU_RestoreSR(cpu_sr);                 */
  158 00000000         ;                          :
  159 00000000         ;                          :
  160 00000000         ;                  }
  161 00000000         ;
  162 00000000         ;               2) Increasing priority using a write to 
                       BASEPRI does not take effect immediately.
  163 00000000         ;                  (a) IMPLICATION  This erratum means t
                       hat the instruction after an MSR to boost BASEPRI
  164 00000000         ;                      might incorrectly be preempted by
                        an insufficient high priority exception.
  165 00000000         ;
  166 00000000         ;                  (b) WORKAROUND  The MSR to boost BASE
                       PRI can be replaced by the following code sequence:
  167 00000000         ;
  168 00000000         ;                      CPSID i
  169 00000000         ;                      MSR to BASEPRI
  170 00000000         ;                      DSB
  171 00000000         ;                      ISB
  172 00000000         ;                      CPSIE i
  173 00000000         ;*******************************************************
                       *************************************************
  174 00000000         
  175 00000000         OS_CPU_SR_Save
  176 00000000 B672            CPSID            I           ; Cortex-M7 errata 
                                                            notice. See Note #2
                                                            
  177 00000002 B402            PUSH             {R1}
  178 00000004 F3EF 8111       MRS              R1, BASEPRI
  179 00000008 F380 8811       MSR              BASEPRI, R0
  180 0000000C F3BF 8F4F       DSB
  181 00000010 F3BF 8F6F       ISB
  182 00000014 4608            MOV              R0, R1
  183 00000016 BC02            POP              {R1}
  184 00000018 B662            CPSIE            I
  185 0000001A 4770            BX               LR



ARM Macro Assembler    Page 5 


  186 0000001C         
  187 0000001C         OS_CPU_SR_Restore
  188 0000001C B672            CPSID            I           ; Cortex-M7 errata 
                                                            notice. See Note #2
                                                            
  189 0000001E F380 8811       MSR              BASEPRI, R0
  190 00000022 F3BF 8F4F       DSB
  191 00000026 F3BF 8F6F       ISB
  192 0000002A B662            CPSIE            I
  193 0000002C 4770            BX               LR
  194 0000002E         
  195 0000002E         
  196 0000002E         ;*******************************************************
                       *************************************************
  197 0000002E         ;                                         START MULTITAS
                       KING
  198 0000002E         ;                                      void OSStartHighR
                       dy(void)
  199 0000002E         ;
  200 0000002E         ; Note(s) : 1) This function triggers a PendSV exception
                        (essentially, causes a context switch) to cause
  201 0000002E         ;              the first task to start.
  202 0000002E         ;
  203 0000002E         ;           2) During task execution, PSP is used as the
                        stack pointer.
  204 0000002E         ;              When an exception occurs, the core will s
                       witch to MSP until the exception return.
  205 0000002E         ;
  206 0000002E         ;           3) OSStartHighRdy() MUST:
  207 0000002E         ;              a) Setup PendSV exception priority to low
                       est;
  208 0000002E         ;              b) Set initial PSP to 0, to tell context 
                       switcher this is first run;
  209 0000002E         ;              c) Set the main stack to OS_CPU_ExceptStk
                       Base
  210 0000002E         ;              d) Set OSRunning to TRUE;
  211 0000002E         ;              e) Get current high priority, OSPrioCur =
                        OSPrioHighRdy;
  212 0000002E         ;              f) Get current ready thread TCB, OSTCBCur
                        = OSTCBHighRdy;
  213 0000002E         ;              g) Get new process SP from TCB, SP = OSTC
                       BHighRdy->OSTCBStkPtr;
  214 0000002E         ;              h) Restore R0-R11 and R14 from new proces
                       s stack;
  215 0000002E         ;              i) Enable interrupts (tasks will run with
                        interrupts enabled).
  216 0000002E         ;*******************************************************
                       *************************************************
  217 0000002E         
  218 0000002E         OSStartHighRdy
  219 0000002E B672            CPSID            I           ; Prevent interrupt
                                                            ion during context 
                                                            switch
  220 00000030 4830            LDR              R0, =NVIC_SYSPRI14 ; Set the Pe
                                                            ndSV exception prio
                                                            rity
  221 00000032 F04F 01FF       LDR              R1, =NVIC_PENDSV_PRI
  222 00000036 7001            STRB             R1, [R0]
  223 00000038         



ARM Macro Assembler    Page 6 


  224 00000038 2000            MOVS             R0, #0      ; Set the PSP to 0 
                                                            for initial context
                                                             switch call
  225 0000003A F380 8809       MSR              PSP, R0
  226 0000003E         
  227 0000003E 482E            LDR              R0, =OS_CPU_ExceptStkBase ; Ini
                                                            tialize the MSP to 
                                                            the OS_CPU_ExceptSt
                                                            kBase
  228 00000040 6801            LDR              R1, [R0]
  229 00000042 F381 8808       MSR              MSP, R1
  230 00000046         
  231 00000046 F7FF FFFE       BL               OSTaskSwHook ; Call OSTaskSwHoo
                                                            k() for FPU Push & 
                                                            Pop
  232 0000004A         
  233 0000004A 482C            LDR              R0, =OSRunning 
                                                            ; OSRunning = TRUE
  234 0000004C 2101            MOVS             R1, #1
  235 0000004E 7001            STRB             R1, [R0]
  236 00000050         
  237 00000050 482B            LDR              R0, =OSPrioCur ; OSPrioCur = OS
                                                            PrioHighRdy;
  238 00000052 492C            LDR              R1, =OSPrioHighRdy
  239 00000054 780A            LDRB             R2, [R1]
  240 00000056 7002            STRB             R2, [R0]
  241 00000058         
  242 00000058 482B            LDR              R0, =OSTCBCur ; OSTCBCur  = OST
                                                            CBHighRdy;
  243 0000005A 492C            LDR              R1, =OSTCBHighRdy
  244 0000005C 680A            LDR              R2, [R1]
  245 0000005E 6002            STR              R2, [R0]
  246 00000060         
  247 00000060 6810            LDR              R0, [R2]    ; R0 is new process
                                                             SP; SP = OSTCBHigh
                                                            Rdy->OSTCBStkPtr;
  248 00000062 F380 8809       MSR              PSP, R0     ; Load PSP with new
                                                             process SP
  249 00000066         
  250 00000066 F3EF 8014       MRS              R0, CONTROL
  251 0000006A F040 0002       ORR              R0, R0, #2
  252 0000006E F380 8814       MSR              CONTROL, R0
  253 00000072 F3BF 8F6F       ISB                          ; Sync instruction 
                                                            stream
  254 00000076         
  255 00000076 E8BD 4FF0       LDMFD            SP!, {R4-R11, LR} ; Restore r4-
                                                            11, lr from new pro
                                                            cess stack
  256 0000007A BC0F            LDMFD            SP!, {R0-R3} ; Restore r0, r3
  257 0000007C E8BD 5000       LDMFD            SP!, {R12, LR} 
                                                            ; Load R12 and LR
  258 00000080 BC06            LDMFD            SP!, {R1, R2} ; Load PC and dis
                                                            card xPSR
  259 00000082 B662            CPSIE            I
  260 00000084 4708            BX               R1
  261 00000086         
  262 00000086         
  263 00000086         ;*******************************************************
                       *************************************************



ARM Macro Assembler    Page 7 


  264 00000086         ;                       PERFORM A CONTEXT SWITCH (From t
                       ask level) - OSCtxSw()
  265 00000086         ;                   PERFORM A CONTEXT SWITCH (From inter
                       rupt level) - OSIntCtxSw()
  266 00000086         ;
  267 00000086         ; Note(s) : 1) OSCtxSw() is called when OS wants to perf
                       orm a task context switch.  This function
  268 00000086         ;              triggers the PendSV exception which is wh
                       ere the real work is done.
  269 00000086         ;
  270 00000086         ;           2) OSIntCtxSw() is called by OSIntExit() whe
                       n it determines a context switch is needed as
  271 00000086         ;              the result of an interrupt.  This functio
                       n simply triggers a PendSV exception which will
  272 00000086         ;              be handled when there are no more interru
                       pts active and interrupts are enabled.
  273 00000086         ;*******************************************************
                       *************************************************
  274 00000086         
  275 00000086         OSCtxSw
  276 00000086         OSIntCtxSw
  277 00000086 4822            LDR              R0, =NVIC_INT_CTRL ; Trigger th
                                                            e PendSV exception 
                                                            (causes context swi
                                                            tch)
  278 00000088 F04F 5180       LDR              R1, =NVIC_PENDSVSET
  279 0000008C 6001            STR              R1, [R0]
  280 0000008E 4770            BX               LR
  281 00000090         
  282 00000090         
  283 00000090         ;*******************************************************
                       *************************************************
  284 00000090         ;                                       HANDLE PendSV EX
                       CEPTION
  285 00000090         ;                                   void OS_CPU_PendSVHa
                       ndler(void)
  286 00000090         ;
  287 00000090         ; Note(s) : 1) PendSV is used to cause a context switch.
                         This is a recommended method for performing
  288 00000090         ;              context switches with Cortex-M.  This is 
                       because the Cortex-M auto-saves half of the
  289 00000090         ;              processor context on any exception, and r
                       estores same on return from exception.  So only
  290 00000090         ;              saving of R4-R11 & R14 is required and fi
                       xing up the stack pointers. Using the PendSV exception
  291 00000090         ;              this way means that context saving and re
                       storing is identical whether it is initiated from
  292 00000090         ;              a thread or occurs due to an interrupt or
                        exception.
  293 00000090         ;
  294 00000090         ;           2) Pseudo-code is:
  295 00000090         ;              a) Get the process SP
  296 00000090         ;              b) Save remaining regs r4-r11 & r14 on pr
                       ocess stack;
  297 00000090         ;              c) Save the process SP in its TCB, OSTCBC
                       ur->OSTCBStkPtr = SP;
  298 00000090         ;              d) Call OSTaskSwHook();
  299 00000090         ;              e) Get current high priority, OSPrioCur =
                        OSPrioHighRdy;



ARM Macro Assembler    Page 8 


  300 00000090         ;              f) Get current ready thread TCB, OSTCBCur
                        = OSTCBHighRdy;
  301 00000090         ;              g) Get new process SP from TCB, SP = OSTC
                       BHighRdy->OSTCBStkPtr;
  302 00000090         ;              h) Restore R4-R11 and R14 from new proces
                       s stack;
  303 00000090         ;              i) Perform exception return which will re
                       store remaining context.
  304 00000090         ;
  305 00000090         ;           3) On entry into PendSV handler:
  306 00000090         ;              a) The following have been saved on the p
                       rocess stack (by processor):
  307 00000090         ;                 xPSR, PC, LR, R12, R0-R3
  308 00000090         ;              b) Processor mode is switched to Handler 
                       mode (from Thread mode)
  309 00000090         ;              c) Stack is Main stack (switched from Pro
                       cess stack)
  310 00000090         ;              d) OSTCBCur      points to the OS_TCB of 
                       the task to suspend
  311 00000090         ;                 OSTCBHighRdy  points to the OS_TCB of 
                       the task to resume
  312 00000090         ;
  313 00000090         ;           4) Since PendSV is set to lowest priority in
                        the system (by OSStartHighRdy() above), we
  314 00000090         ;              know that it will only be run when no oth
                       er exception or interrupt is active, and
  315 00000090         ;              therefore safe to assume that context bei
                       ng switched out was using the process stack (PSP).
  316 00000090         ;
  317 00000090         ;           5) Increasing priority using a write to BASE
                       PRI does not take effect immediately.
  318 00000090         ;              (a) IMPLICATION  This erratum means that 
                       the instruction after an MSR to boost BASEPRI
  319 00000090         ;                  might incorrectly be preempted by an 
                       insufficient high priority exception.
  320 00000090         ;
  321 00000090         ;              (b) WORKAROUND  The MSR to boost BASEPRI 
                       can be replaced by the following code sequence:
  322 00000090         ;
  323 00000090         ;                  CPSID i
  324 00000090         ;                  MSR to BASEPRI
  325 00000090         ;                  DSB
  326 00000090         ;                  ISB
  327 00000090         ;                  CPSIE i
  328 00000090         ;*******************************************************
                       *************************************************
  329 00000090         
  330 00000090         OS_CPU_PendSVHandler
  331 00000090 B672            CPSID            I           ; Cortex-M7 errata 
                                                            notice. See Note #5
                                                            
  332 00000092 F240 0200 
              F2C0 0200        MOV32            R2, OS_KA_BASEPRI_Boundary ; Se
                                                            t BASEPRI priority 
                                                            level required for 
                                                            exception preemptio
                                                            n
  333 0000009A 6811            LDR              R1, [R2]
  334 0000009C F381 8811       MSR              BASEPRI, R1



ARM Macro Assembler    Page 9 


  335 000000A0 F3BF 8F4F       DSB
  336 000000A4 F3BF 8F6F       ISB
  337 000000A8 B662            CPSIE            I
  338 000000AA         
  339 000000AA F3EF 8009       MRS              R0, PSP     ; PSP is process st
                                                            ack pointer
  340 000000AE E920 4FF0       STMFD            R0!, {R4-R11, R14} ; Save remai
                                                            ning regs r4-11, R1
                                                            4 on process stack
  341 000000B2         
  342 000000B2 4D15            LDR              R5, =OSTCBCur ; OSTCBCur->OSTCB
                                                            StkPtr = SP;
  343 000000B4 6829            LDR              R1, [R5]
  344 000000B6 6008            STR              R0, [R1]    ; R0 is SP of proce
                                                            ss being switched o
                                                            ut
  345 000000B8         
  346 000000B8         ; At this point, entire context of process has been save
                       d
  347 000000B8 4674            MOV              R4, LR      ; Save LR exc_retur
                                                            n value
  348 000000BA F7FF FFFE       BL               OSTaskSwHook ; Call OSTaskSwHoo
                                                            k() for FPU Push & 
                                                            Pop
  349 000000BE         
  350 000000BE 4810            LDR              R0, =OSPrioCur ; OSPrioCur = OS
                                                            PrioHighRdy;
  351 000000C0 4910            LDR              R1, =OSPrioHighRdy
  352 000000C2 780A            LDRB             R2, [R1]
  353 000000C4 7002            STRB             R2, [R0]
  354 000000C6         
  355 000000C6 4911            LDR              R1, =OSTCBHighRdy ; OSTCBCur  =
                                                             OSTCBHighRdy;
  356 000000C8 680A            LDR              R2, [R1]
  357 000000CA 602A            STR              R2, [R5]
  358 000000CC         
  359 000000CC F044 0E04       ORR              LR,  R4, #0x04 ; Ensure excepti
                                                            on return uses proc
                                                            ess stack
  360 000000D0 6810            LDR              R0,  [R2]   ; R0 is new process
                                                             SP; SP = OSTCBHigh
                                                            Rdy->OSTCBStkPtr;
  361 000000D2 E8B0 4FF0       LDMFD            R0!, {R4-R11, R14} ; Restore r4
                                                            -11, R14 from new p
                                                            rocess stack
  362 000000D6 F380 8809       MSR              PSP, R0     ; Load PSP with new
                                                             process SP
  363 000000DA         
  364 000000DA F240 0200 
              F2C0 0200        MOV32            R2, #0      ; Restore BASEPRI p
                                                            riority level to 0
  365 000000E2 B672            CPSID            I
  366 000000E4 F382 8811       MSR              BASEPRI, R2
  367 000000E8 F3BF 8F4F       DSB
  368 000000EC F3BF 8F6F       ISB
  369 000000F0 B662            CPSIE            I
  370 000000F2 4770            BX               LR          ; Exception return 
                                                            will restore remain
                                                            ing context



ARM Macro Assembler    Page 10 


  371 000000F4         
  372 000000F4                 ALIGN                        ; Removes warning[A
                                                            1581W]: added <no_p
                                                            adbytes> of padding
                                                             at <address>
  373 000000F4         
  374 000000F4                 END
              E000ED22 
              00000000 
              00000000 
              00000000 
              00000000 
              00000000 
              00000000 
              E000ED04 
Command Line: --debug --xref --diag_suppress=9931 --cpu=Cortex-M4 --apcs=interw
ork --depend=.\objects\os_cpu_a.d -o.\objects\os_cpu_a.o -I.\RTE\_Target_1 -ID:
\Keil5\ARM\PACK\Keil\STM32F4xx_DFP\2.17.1\Drivers\CMSIS\Device\ST\STM32F4xx\Inc
lude -ID:\Keil5\ARM\CMSIS\Include --predefine="__MICROLIB SETA 1" --predefine="
__UVISION_VERSION SETA 524" --predefine="STM32F401xE SETA 1" --list=.\listings\
os_cpu_a.lst ports\os_cpu_a.s



ARM Macro Assembler    Page 1 Alphabetic symbol ordering
Relocatable symbols

.text 00000000

Symbol: .text
   Definitions
      At line 75 in file ports\os_cpu_a.s
   Uses
      None
Comment: .text unused
OSCtxSw 00000086

Symbol: OSCtxSw
   Definitions
      At line 275 in file ports\os_cpu_a.s
   Uses
      At line 50 in file ports\os_cpu_a.s
Comment: OSCtxSw used once
OSIntCtxSw 00000086

Symbol: OSIntCtxSw
   Definitions
      At line 276 in file ports\os_cpu_a.s
   Uses
      At line 51 in file ports\os_cpu_a.s
Comment: OSIntCtxSw used once
OSStartHighRdy 0000002E

Symbol: OSStartHighRdy
   Definitions
      At line 218 in file ports\os_cpu_a.s
   Uses
      At line 47 in file ports\os_cpu_a.s
Comment: OSStartHighRdy used once
OS_CPU_PendSVHandler 00000090

Symbol: OS_CPU_PendSVHandler
   Definitions
      At line 330 in file ports\os_cpu_a.s
   Uses
      At line 52 in file ports\os_cpu_a.s
Comment: OS_CPU_PendSVHandler used once
OS_CPU_SR_Restore 0000001C

Symbol: OS_CPU_SR_Restore
   Definitions
      At line 187 in file ports\os_cpu_a.s
   Uses
      At line 49 in file ports\os_cpu_a.s
Comment: OS_CPU_SR_Restore used once
OS_CPU_SR_Save 00000000

Symbol: OS_CPU_SR_Save
   Definitions
      At line 175 in file ports\os_cpu_a.s
   Uses
      At line 48 in file ports\os_cpu_a.s
Comment: OS_CPU_SR_Save used once
7 symbols



ARM Macro Assembler    Page 1 Alphabetic symbol ordering
Absolute symbols

NVIC_INT_CTRL E000ED04

Symbol: NVIC_INT_CTRL
   Definitions
      At line 65 in file ports\os_cpu_a.s
   Uses
      At line 277 in file ports\os_cpu_a.s
Comment: NVIC_INT_CTRL used once
NVIC_PENDSVSET 10000000

Symbol: NVIC_PENDSVSET
   Definitions
      At line 68 in file ports\os_cpu_a.s
   Uses
      At line 278 in file ports\os_cpu_a.s
Comment: NVIC_PENDSVSET used once
NVIC_PENDSV_PRI 000000FF

Symbol: NVIC_PENDSV_PRI
   Definitions
      At line 67 in file ports\os_cpu_a.s
   Uses
      At line 221 in file ports\os_cpu_a.s
Comment: NVIC_PENDSV_PRI used once
NVIC_SYSPRI14 E000ED22

Symbol: NVIC_SYSPRI14
   Definitions
      At line 66 in file ports\os_cpu_a.s
   Uses
      At line 220 in file ports\os_cpu_a.s
Comment: NVIC_SYSPRI14 used once
4 symbols



ARM Macro Assembler    Page 1 Alphabetic symbol ordering
External symbols

OSIntExit 00000000

Symbol: OSIntExit
   Definitions
      At line 41 in file ports\os_cpu_a.s
   Uses
      None
Comment: OSIntExit unused
OSPrioCur 00000000

Symbol: OSPrioCur
   Definitions
      At line 37 in file ports\os_cpu_a.s
   Uses
      At line 237 in file ports\os_cpu_a.s
      At line 350 in file ports\os_cpu_a.s

OSPrioHighRdy 00000000

Symbol: OSPrioHighRdy
   Definitions
      At line 38 in file ports\os_cpu_a.s
   Uses
      At line 238 in file ports\os_cpu_a.s
      At line 351 in file ports\os_cpu_a.s

OSRunning 00000000

Symbol: OSRunning
   Definitions
      At line 36 in file ports\os_cpu_a.s
   Uses
      At line 233 in file ports\os_cpu_a.s
Comment: OSRunning used once
OSTCBCur 00000000

Symbol: OSTCBCur
   Definitions
      At line 39 in file ports\os_cpu_a.s
   Uses
      At line 242 in file ports\os_cpu_a.s
      At line 342 in file ports\os_cpu_a.s

OSTCBHighRdy 00000000

Symbol: OSTCBHighRdy
   Definitions
      At line 40 in file ports\os_cpu_a.s
   Uses
      At line 243 in file ports\os_cpu_a.s
      At line 355 in file ports\os_cpu_a.s

OSTaskSwHook 00000000

Symbol: OSTaskSwHook
   Definitions
      At line 42 in file ports\os_cpu_a.s
   Uses
      At line 231 in file ports\os_cpu_a.s



ARM Macro Assembler    Page 2 Alphabetic symbol ordering
External symbols

      At line 348 in file ports\os_cpu_a.s

OS_CPU_ExceptStkBase 00000000

Symbol: OS_CPU_ExceptStkBase
   Definitions
      At line 43 in file ports\os_cpu_a.s
   Uses
      At line 227 in file ports\os_cpu_a.s
Comment: OS_CPU_ExceptStkBase used once
OS_KA_BASEPRI_Boundary 00000000

Symbol: OS_KA_BASEPRI_Boundary
   Definitions
      At line 44 in file ports\os_cpu_a.s
   Uses
      At line 332 in file ports\os_cpu_a.s
Comment: OS_KA_BASEPRI_Boundary used once
9 symbols
355 symbols in table
