


ARM Macro Assembler    Page 1 


    1 00000000         
    2 00000000 00000400 
                       Stack_Size
                               EQU              0x00000400
    3 00000000         
    4 00000000                 AREA             STACK, NOINIT, READWRITE, ALIGN
=3
    5 00000000         Stack_Mem
                               SPACE            Stack_Size
    6 00000400         __initial_sp
    7 00000400         
    8 00000400         
    9 00000400         
   10 00000400 00000200 
                       Heap_Size
                               EQU              0x00000200
   11 00000400         
   12 00000400                 AREA             HEAP, NOINIT, READWRITE, ALIGN=
3
   13 00000000         __heap_base
   14 00000000         Heap_Mem
                               SPACE            Heap_Size
   15 00000200         __heap_limit
   16 00000200         
   17 00000200                 PRESERVE8
   18 00000200                 THUMB
   19 00000200         
   20 00000200         
   21 00000200         ; Vector Table 
   22 00000200                 AREA             RESET, DATA, READONLY
   23 00000000                 EXPORT           __Vectors
   24 00000000                 EXPORT           __Vectors_End
   25 00000000                 EXPORT           __Vectors_Size
   26 00000000         
   27 00000000 00000000 
                       __Vectors
                               DCD              __initial_sp ; Top of Stack
   28 00000004 00000000        DCD              Reset_Handler
   29 00000008 00000000        DCD              NMI_Handler
   30 0000000C 00000000        DCD              HardFault_Handler
   31 00000010 00000000        DCD              MemManage_Handler 
                                                            ; MPU Fault Handler
                                                            
   32 00000014 00000000        DCD              BusFault_Handler 
                                                            ; Bus Fault Handler
                                                            
   33 00000018 00000000        DCD              UsageFault_Handler ; Usage Faul
                                                            t Handler
   34 0000001C 00000000        DCD              0           ; Reserved
   35 00000020 00000000        DCD              0           ; Reserved
   36 00000024 00000000        DCD              0           ; Reserved
   37 00000028 00000000        DCD              0           ; Reserved
   38 0000002C 00000000        DCD              SVC_Handler ; SVCall Handler
   39 00000030 00000000        DCD              DebugMon_Handler ; Debug Monito
                                                            r Handler
   40 00000034 00000000        DCD              0           ; Reserved
   41 00000038 00000000        DCD              PendSV_Handler
   42 0000003C 00000000        DCD              SysTick_Handler
   43 00000040         



ARM Macro Assembler    Page 2 


   44 00000040 00000000        DCD              WWDG_IRQHandler ; Window WatchD
                                                            og                 
                                                                               
                                                                
   45 00000044 00000000        DCD              PVD_IRQHandler ; PVD through EX
                                                            TI Line detection  
                                                                               
                                                               
   46 00000048 00000000        DCD              TAMP_STAMP_IRQHandler ; Tamper 
                                                            and TimeStamps thro
                                                            ugh the EXTI line  
                                                                      
   47 0000004C 00000000        DCD              RTC_WKUP_IRQHandler ; RTC Wakeu
                                                            p through the EXTI 
                                                            line               
                                                                    
   48 00000050 00000000        DCD              FLASH_IRQHandler ; FLASH       
                                                                               
                                                                             
   49 00000054 00000000        DCD              RCC_IRQHandler ; RCC           
                                                                               
                                                                           
   50 00000058 00000000        DCD              EXTI0_IRQHandler ; EXTI Line0  
                                                                               
                                                                               
                                                                 
   51 0000005C 00000000        DCD              EXTI1_IRQHandler ; EXTI Line1  
                                                                               
                                                                               
                                                                 
   52 00000060 00000000        DCD              EXTI2_IRQHandler ; EXTI Line2  
                                                                               
                                                                               
                                                                 
   53 00000064 00000000        DCD              EXTI3_IRQHandler ; EXTI Line3  
                                                                               
                                                                               
                                                                 
   54 00000068 00000000        DCD              EXTI4_IRQHandler ; EXTI Line4  
                                                                               
                                                                               
                                                                 
   55 0000006C 00000000        DCD              DMA1_Stream0_IRQHandler ; DMA1 
                                                            Stream 0           
                                                                               
                                                                 
   56 00000070 00000000        DCD              DMA1_Stream1_IRQHandler ; DMA1 
                                                            Stream 1           
                                                                               
                                                                 
   57 00000074 00000000        DCD              DMA1_Stream2_IRQHandler ; DMA1 
                                                            Stream 2           
                                                                               
                                                                 
   58 00000078 00000000        DCD              DMA1_Stream3_IRQHandler ; DMA1 
                                                            Stream 3           
                                                                               
                                                                 
   59 0000007C 00000000        DCD              DMA1_Stream4_IRQHandler ; DMA1 



ARM Macro Assembler    Page 3 


                                                            Stream 4           
                                                                               
                                                                 
   60 00000080 00000000        DCD              DMA1_Stream5_IRQHandler ; DMA1 
                                                            Stream 5           
                                                                               
                                                                 
   61 00000084 00000000        DCD              DMA1_Stream6_IRQHandler ; DMA1 
                                                            Stream 6           
                                                                               
                                                                 
   62 00000088 00000000        DCD              ADC_IRQHandler ; ADC1, ADC2 and
                                                             ADC3s             
                                                                           
   63 0000008C 00000000        DCD              CAN1_TX_IRQHandler ; CAN1 TX   
                                                                               
                                                                               
                                                                   
   64 00000090 00000000        DCD              CAN1_RX0_IRQHandler ; CAN1 RX0 
                                                                               
                                                                               
                                                                    
   65 00000094 00000000        DCD              CAN1_RX1_IRQHandler ; CAN1 RX1 
                                                                               
                                                                               
                                                                    
   66 00000098 00000000        DCD              CAN1_SCE_IRQHandler ; CAN1 SCE 
                                                                               
                                                                               
                                                                    
   67 0000009C 00000000        DCD              EXTI9_5_IRQHandler ; External L
                                                            ine[9:5]s          
                                                                               
                                                                   
   68 000000A0 00000000        DCD              TIM1_BRK_TIM9_IRQHandler ; TIM1
                                                             Break and TIM9    
                                                                           
   69 000000A4 00000000        DCD              TIM1_UP_TIM10_IRQHandler ; TIM1
                                                             Update and TIM10  
                                                                           
   70 000000A8 00000000        DCD              TIM1_TRG_COM_TIM11_IRQHandler ;
                                                             TIM1 Trigger and C
                                                            ommutation and TIM1
                                                            1
   71 000000AC 00000000        DCD              TIM1_CC_IRQHandler ; TIM1 Captu
                                                            re Compare         
                                                                               
                                                                   
   72 000000B0 00000000        DCD              TIM2_IRQHandler ; TIM2         
                                                                               
                                                                            
   73 000000B4 00000000        DCD              TIM3_IRQHandler ; TIM3         
                                                                               
                                                                            
   74 000000B8 00000000        DCD              TIM4_IRQHandler ; TIM4         
                                                                               
                                                                            
   75 000000BC 00000000        DCD              I2C1_EV_IRQHandler ; I2C1 Event
                                                                               



ARM Macro Assembler    Page 4 


                                                                               
                                                                   
   76 000000C0 00000000        DCD              I2C1_ER_IRQHandler ; I2C1 Error
                                                                               
                                                                               
                                                                   
   77 000000C4 00000000        DCD              I2C2_EV_IRQHandler ; I2C2 Event
                                                                               
                                                                               
                                                                   
   78 000000C8 00000000        DCD              I2C2_ER_IRQHandler ; I2C2 Error
                                                                               
                                                                               
                                                                     
   79 000000CC 00000000        DCD              SPI1_IRQHandler ; SPI1         
                                                                               
                                                                            
   80 000000D0 00000000        DCD              SPI2_IRQHandler ; SPI2         
                                                                               
                                                                            
   81 000000D4 00000000        DCD              USART1_IRQHandler ; USART1     
                                                                               
                                                                              
   82 000000D8 00000000        DCD              USART2_IRQHandler ; USART2     
                                                                               
                                                                              
   83 000000DC 00000000        DCD              USART3_IRQHandler ; USART3     
                                                                               
                                                                              
   84 000000E0 00000000        DCD              EXTI15_10_IRQHandler ; External
                                                             Line[15:10]s      
                                                                               
                                                                     
   85 000000E4 00000000        DCD              RTC_Alarm_IRQHandler ; RTC Alar
                                                            m (A and B) through
                                                             EXTI Line         
                                                                     
   86 000000E8 00000000        DCD              OTG_FS_WKUP_IRQHandler ; USB OT
                                                            G FS Wakeup through
                                                             EXTI line         
                                                                           
   87 000000EC 00000000        DCD              TIM8_BRK_TIM12_IRQHandler ; TIM
                                                            8 Break and TIM12  
                                                                            
   88 000000F0 00000000        DCD              TIM8_UP_TIM13_IRQHandler ; TIM8
                                                             Update and TIM13  
                                                                           
   89 000000F4 00000000        DCD              TIM8_TRG_COM_TIM14_IRQHandler ;
                                                             TIM8 Trigger and C
                                                            ommutation and TIM1
                                                            4
   90 000000F8 00000000        DCD              TIM8_CC_IRQHandler ; TIM8 Captu
                                                            re Compare         
                                                                               
                                                                   
   91 000000FC 00000000        DCD              DMA1_Stream7_IRQHandler ; DMA1 
                                                            Stream7            
                                                                               
                                                                        



ARM Macro Assembler    Page 5 


   92 00000100 00000000        DCD              FSMC_IRQHandler ; FSMC         
                                                                               
                                                                            
   93 00000104 00000000        DCD              SDIO_IRQHandler ; SDIO         
                                                                               
                                                                            
   94 00000108 00000000        DCD              TIM5_IRQHandler ; TIM5         
                                                                               
                                                                            
   95 0000010C 00000000        DCD              SPI3_IRQHandler ; SPI3         
                                                                               
                                                                            
   96 00000110 00000000        DCD              UART4_IRQHandler ; UART4       
                                                                               
                                                                             
   97 00000114 00000000        DCD              UART5_IRQHandler ; UART5       
                                                                               
                                                                             
   98 00000118 00000000        DCD              TIM6_DAC_IRQHandler ; TIM6 and 
                                                            DAC1&2 underrun err
                                                            ors                
                                                               
   99 0000011C 00000000        DCD              TIM7_IRQHandler ; TIM7         
                                                                      
  100 00000120 00000000        DCD              DMA2_Stream0_IRQHandler ; DMA2 
                                                            Stream 0           
                                                                               
                                                                 
  101 00000124 00000000        DCD              DMA2_Stream1_IRQHandler ; DMA2 
                                                            Stream 1           
                                                                               
                                                                 
  102 00000128 00000000        DCD              DMA2_Stream2_IRQHandler ; DMA2 
                                                            Stream 2           
                                                                               
                                                                 
  103 0000012C 00000000        DCD              DMA2_Stream3_IRQHandler ; DMA2 
                                                            Stream 3           
                                                                               
                                                                 
  104 00000130 00000000        DCD              DMA2_Stream4_IRQHandler ; DMA2 
                                                            Stream 4           
                                                                               
                                                                 
  105 00000134 00000000        DCD              ETH_IRQHandler ; Ethernet      
                                                                               
                                                                           
  106 00000138 00000000        DCD              ETH_WKUP_IRQHandler ; Ethernet 
                                                            Wakeup through EXTI
                                                             line              
                                                                    
  107 0000013C 00000000        DCD              CAN2_TX_IRQHandler ; CAN2 TX   
                                                                               
                                                                               
                                                                   
  108 00000140 00000000        DCD              CAN2_RX0_IRQHandler ; CAN2 RX0 
                                                                               
                                                                               
                                                                    



ARM Macro Assembler    Page 6 


  109 00000144 00000000        DCD              CAN2_RX1_IRQHandler ; CAN2 RX1 
                                                                               
                                                                               
                                                                    
  110 00000148 00000000        DCD              CAN2_SCE_IRQHandler ; CAN2 SCE 
                                                                               
                                                                               
                                                                    
  111 0000014C 00000000        DCD              OTG_FS_IRQHandler ; USB OTG FS 
                                                                               
                                                                              
  112 00000150 00000000        DCD              DMA2_Stream5_IRQHandler ; DMA2 
                                                            Stream 5           
                                                                               
                                                                 
  113 00000154 00000000        DCD              DMA2_Stream6_IRQHandler ; DMA2 
                                                            Stream 6           
                                                                               
                                                                 
  114 00000158 00000000        DCD              DMA2_Stream7_IRQHandler ; DMA2 
                                                            Stream 7           
                                                                               
                                                                 
  115 0000015C 00000000        DCD              USART6_IRQHandler ; USART6     
                                                                               
                                                                               
                                                            
  116 00000160 00000000        DCD              I2C3_EV_IRQHandler ; I2C3 event
                                                                               
                                                                               
                                                                   
  117 00000164 00000000        DCD              I2C3_ER_IRQHandler ; I2C3 error
                                                                               
                                                                               
                                                                   
  118 00000168 00000000        DCD              OTG_HS_EP1_OUT_IRQHandler ; USB
                                                             OTG HS End Point 1
                                                             Out               
                                                                   
  119 0000016C 00000000        DCD              OTG_HS_EP1_IN_IRQHandler ; USB 
                                                            OTG HS End Point 1 
                                                            In                 
                                                                  
  120 00000170 00000000        DCD              OTG_HS_WKUP_IRQHandler ; USB OT
                                                            G HS Wakeup through
                                                             EXTI              
                                                                       
  121 00000174 00000000        DCD              OTG_HS_IRQHandler ; USB OTG HS 
                                                                               
                                                                              
  122 00000178 00000000        DCD              DCMI_IRQHandler ; DCMI         
                                                                               
                                                                            
  123 0000017C 00000000        DCD              CRYP_IRQHandler ; CRYP crypto  
                                                                               
                                                                            
  124 00000180 00000000        DCD              HASH_RNG_IRQHandler 
                                                            ; Hash and Rng
  125 00000184 00000000        DCD              FPU_IRQHandler ; FPU



ARM Macro Assembler    Page 7 


  126 00000188         
  127 00000188         __Vectors_End
  128 00000188         
  129 00000188 00000188 
                       __Vectors_Size
                               EQU              __Vectors_End - __Vectors
  130 00000188         
  131 00000188                 AREA             |.text|, CODE, READONLY
  132 00000000         
  133 00000000         ; Reset handler
  134 00000000         Reset_Handler
                               PROC
  135 00000000                 EXPORT           Reset_Handler             [WEAK
]
  136 00000000                 IMPORT           mySystemInit
  137 00000000                 IMPORT           mymain
  138 00000000                 IMPORT           myScaterload
  139 00000000         
  140 00000000 480B            LDR              R0, =mySystemInit
  141 00000002 4780            BLX              R0
  142 00000004 480B            LDR              R0, =myScaterload
  143 00000006 4780            BLX              R0
  144 00000008         
  145 00000008 F7FF FFFE       BL               mymain
  146 0000000C E7FE            B                .
  147 0000000E                 ENDP
  148 0000000E         
  149 0000000E         NMI_Handler
                               PROC
  150 0000000E                 EXPORT           NMI_Handler                [WEA
K]
  151 0000000E E7FE            B                .
  152 00000010                 ENDP
  154 00000010         HardFault_Handler
                               PROC
  155 00000010                 EXPORT           HardFault_Handler          [WEA
K]
  156 00000010 E7FE            B                .
  157 00000012                 ENDP
  159 00000012         MemManage_Handler
                               PROC
  160 00000012                 EXPORT           MemManage_Handler          [WEA
K]
  161 00000012 E7FE            B                .
  162 00000014                 ENDP
  164 00000014         BusFault_Handler
                               PROC
  165 00000014                 EXPORT           BusFault_Handler           [WEA
K]
  166 00000014 E7FE            B                .
  167 00000016                 ENDP
  169 00000016         UsageFault_Handler
                               PROC
  170 00000016                 EXPORT           UsageFault_Handler         [WEA
K]
  171 00000016 E7FE            B                .
  172 00000018                 ENDP
  173 00000018         SVC_Handler
                               PROC



ARM Macro Assembler    Page 8 


  174 00000018                 EXPORT           SVC_Handler                [WEA
K]
  175 00000018 E7FE            B                .
  176 0000001A                 ENDP
  178 0000001A         DebugMon_Handler
                               PROC
  179 0000001A                 EXPORT           DebugMon_Handler           [WEA
K]
  180 0000001A E7FE            B                .
  181 0000001C                 ENDP
  182 0000001C         PendSV_Handler
                               PROC
  183 0000001C                 EXPORT           PendSV_Handler            [WEAK
]
  184 0000001C E7FE            B                .
  185 0000001E                 ENDP
  186 0000001E         SysTick_Handler
                               PROC
  187 0000001E                 EXPORT           SysTick_Handler            [WEA
K]
  188 0000001E E7FE            B                .
  189 00000020                 ENDP
  190 00000020         
  191 00000020         Default_Handler
                               PROC
  192 00000020                 EXPORT           WWDG_IRQHandler                
   [WEAK]
  193 00000020                 EXPORT           PVD_IRQHandler                 
   [WEAK]
  194 00000020                 EXPORT           TAMP_STAMP_IRQHandler          
   [WEAK]
  195 00000020                 EXPORT           RTC_WKUP_IRQHandler            
   [WEAK]
  196 00000020                 EXPORT           FLASH_IRQHandler               
   [WEAK]
  197 00000020                 EXPORT           RCC_IRQHandler                 
   [WEAK]
  198 00000020                 EXPORT           EXTI0_IRQHandler               
   [WEAK]
  199 00000020                 EXPORT           EXTI1_IRQHandler               
   [WEAK]
  200 00000020                 EXPORT           EXTI2_IRQHandler               
   [WEAK]
  201 00000020                 EXPORT           EXTI3_IRQHandler               
   [WEAK]
  202 00000020                 EXPORT           EXTI4_IRQHandler               
   [WEAK]
  203 00000020                 EXPORT           DMA1_Stream0_IRQHandler        
   [WEAK]
  204 00000020                 EXPORT           DMA1_Stream1_IRQHandler        
   [WEAK]
  205 00000020                 EXPORT           DMA1_Stream2_IRQHandler        
   [WEAK]
  206 00000020                 EXPORT           DMA1_Stream3_IRQHandler        
   [WEAK]
  207 00000020                 EXPORT           DMA1_Stream4_IRQHandler        
   [WEAK]
  208 00000020                 EXPORT           DMA1_Stream5_IRQHandler        
   [WEAK]



ARM Macro Assembler    Page 9 


  209 00000020                 EXPORT           DMA1_Stream6_IRQHandler        
   [WEAK]
  210 00000020                 EXPORT           ADC_IRQHandler                 
   [WEAK]
  211 00000020                 EXPORT           CAN1_TX_IRQHandler             
   [WEAK]
  212 00000020                 EXPORT           CAN1_RX0_IRQHandler            
   [WEAK]
  213 00000020                 EXPORT           CAN1_RX1_IRQHandler            
   [WEAK]
  214 00000020                 EXPORT           CAN1_SCE_IRQHandler            
   [WEAK]
  215 00000020                 EXPORT           EXTI9_5_IRQHandler             
   [WEAK]
  216 00000020                 EXPORT           TIM1_BRK_TIM9_IRQHandler       
   [WEAK]
  217 00000020                 EXPORT           TIM1_UP_TIM10_IRQHandler       
   [WEAK]
  218 00000020                 EXPORT           TIM1_TRG_COM_TIM11_IRQHandler  
   [WEAK]
  219 00000020                 EXPORT           TIM1_CC_IRQHandler             
   [WEAK]
  220 00000020                 EXPORT           TIM2_IRQHandler                
   [WEAK]
  221 00000020                 EXPORT           TIM3_IRQHandler                
   [WEAK]
  222 00000020                 EXPORT           TIM4_IRQHandler                
   [WEAK]
  223 00000020                 EXPORT           I2C1_EV_IRQHandler             
   [WEAK]
  224 00000020                 EXPORT           I2C1_ER_IRQHandler             
   [WEAK]
  225 00000020                 EXPORT           I2C2_EV_IRQHandler             
   [WEAK]
  226 00000020                 EXPORT           I2C2_ER_IRQHandler             
   [WEAK]
  227 00000020                 EXPORT           SPI1_IRQHandler                
   [WEAK]
  228 00000020                 EXPORT           SPI2_IRQHandler                
   [WEAK]
  229 00000020                 EXPORT           USART1_IRQHandler              
   [WEAK]
  230 00000020                 EXPORT           USART2_IRQHandler              
   [WEAK]
  231 00000020                 EXPORT           USART3_IRQHandler              
   [WEAK]
  232 00000020                 EXPORT           EXTI15_10_IRQHandler           
   [WEAK]
  233 00000020                 EXPORT           RTC_Alarm_IRQHandler           
   [WEAK]
  234 00000020                 EXPORT           OTG_FS_WKUP_IRQHandler         
   [WEAK]
  235 00000020                 EXPORT           TIM8_BRK_TIM12_IRQHandler      
   [WEAK]
  236 00000020                 EXPORT           TIM8_UP_TIM13_IRQHandler       
   [WEAK]
  237 00000020                 EXPORT           TIM8_TRG_COM_TIM14_IRQHandler  
   [WEAK]
  238 00000020                 EXPORT           TIM8_CC_IRQHandler             



ARM Macro Assembler    Page 10 


   [WEAK]
  239 00000020                 EXPORT           DMA1_Stream7_IRQHandler        
   [WEAK]
  240 00000020                 EXPORT           FSMC_IRQHandler                
   [WEAK]
  241 00000020                 EXPORT           SDIO_IRQHandler                
   [WEAK]
  242 00000020                 EXPORT           TIM5_IRQHandler                
   [WEAK]
  243 00000020                 EXPORT           SPI3_IRQHandler                
   [WEAK]
  244 00000020                 EXPORT           UART4_IRQHandler               
   [WEAK]
  245 00000020                 EXPORT           UART5_IRQHandler               
   [WEAK]
  246 00000020                 EXPORT           TIM6_DAC_IRQHandler            
   [WEAK]
  247 00000020                 EXPORT           TIM7_IRQHandler                
   [WEAK]
  248 00000020                 EXPORT           DMA2_Stream0_IRQHandler        
   [WEAK]
  249 00000020                 EXPORT           DMA2_Stream1_IRQHandler        
   [WEAK]
  250 00000020                 EXPORT           DMA2_Stream2_IRQHandler        
   [WEAK]
  251 00000020                 EXPORT           DMA2_Stream3_IRQHandler        
   [WEAK]
  252 00000020                 EXPORT           DMA2_Stream4_IRQHandler        
   [WEAK]
  253 00000020                 EXPORT           ETH_IRQHandler                 
   [WEAK]
  254 00000020                 EXPORT           ETH_WKUP_IRQHandler            
   [WEAK]
  255 00000020                 EXPORT           CAN2_TX_IRQHandler             
   [WEAK]
  256 00000020                 EXPORT           CAN2_RX0_IRQHandler            
   [WEAK]
  257 00000020                 EXPORT           CAN2_RX1_IRQHandler            
   [WEAK]
  258 00000020                 EXPORT           CAN2_SCE_IRQHandler            
   [WEAK]
  259 00000020                 EXPORT           OTG_FS_IRQHandler              
   [WEAK]
  260 00000020                 EXPORT           DMA2_Stream5_IRQHandler        
   [WEAK]
  261 00000020                 EXPORT           DMA2_Stream6_IRQHandler        
   [WEAK]
  262 00000020                 EXPORT           DMA2_Stream7_IRQHandler        
   [WEAK]
  263 00000020                 EXPORT           USART6_IRQHandler              
   [WEAK]
  264 00000020                 EXPORT           I2C3_EV_IRQHandler             
   [WEAK]
  265 00000020                 EXPORT           I2C3_ER_IRQHandler             
   [WEAK]
  266 00000020                 EXPORT           OTG_HS_EP1_OUT_IRQHandler      
   [WEAK]
  267 00000020                 EXPORT           OTG_HS_EP1_IN_IRQHandler       
   [WEAK]



ARM Macro Assembler    Page 11 


  268 00000020                 EXPORT           OTG_HS_WKUP_IRQHandler         
   [WEAK]
  269 00000020                 EXPORT           OTG_HS_IRQHandler              
   [WEAK]
  270 00000020                 EXPORT           DCMI_IRQHandler                
   [WEAK]
  271 00000020                 EXPORT           CRYP_IRQHandler                
   [WEAK]
  272 00000020                 EXPORT           HASH_RNG_IRQHandler            
   [WEAK]
  273 00000020                 EXPORT           FPU_IRQHandler                 
   [WEAK]
  274 00000020         
  275 00000020         WWDG_IRQHandler
  276 00000020         PVD_IRQHandler
  277 00000020         TAMP_STAMP_IRQHandler
  278 00000020         RTC_WKUP_IRQHandler
  279 00000020         FLASH_IRQHandler
  280 00000020         RCC_IRQHandler
  281 00000020         EXTI0_IRQHandler
  282 00000020         EXTI1_IRQHandler
  283 00000020         EXTI2_IRQHandler
  284 00000020         EXTI3_IRQHandler
  285 00000020         EXTI4_IRQHandler
  286 00000020         DMA1_Stream0_IRQHandler
  287 00000020         DMA1_Stream1_IRQHandler
  288 00000020         DMA1_Stream2_IRQHandler
  289 00000020         DMA1_Stream3_IRQHandler
  290 00000020         DMA1_Stream4_IRQHandler
  291 00000020         DMA1_Stream5_IRQHandler
  292 00000020         DMA1_Stream6_IRQHandler
  293 00000020         ADC_IRQHandler
  294 00000020         CAN1_TX_IRQHandler
  295 00000020         CAN1_RX0_IRQHandler
  296 00000020         CAN1_RX1_IRQHandler
  297 00000020         CAN1_SCE_IRQHandler
  298 00000020         EXTI9_5_IRQHandler
  299 00000020         TIM1_BRK_TIM9_IRQHandler
  300 00000020         TIM1_UP_TIM10_IRQHandler
  301 00000020         TIM1_TRG_COM_TIM11_IRQHandler
  302 00000020         TIM1_CC_IRQHandler
  303 00000020         TIM2_IRQHandler
  304 00000020         TIM3_IRQHandler
  305 00000020         TIM4_IRQHandler
  306 00000020         I2C1_EV_IRQHandler
  307 00000020         I2C1_ER_IRQHandler
  308 00000020         I2C2_EV_IRQHandler
  309 00000020         I2C2_ER_IRQHandler
  310 00000020         SPI1_IRQHandler
  311 00000020         SPI2_IRQHandler
  312 00000020         USART1_IRQHandler
  313 00000020         USART2_IRQHandler
  314 00000020         USART3_IRQHandler
  315 00000020         EXTI15_10_IRQHandler
  316 00000020         RTC_Alarm_IRQHandler
  317 00000020         OTG_FS_WKUP_IRQHandler
  318 00000020         TIM8_BRK_TIM12_IRQHandler
  319 00000020         TIM8_UP_TIM13_IRQHandler
  320 00000020         TIM8_TRG_COM_TIM14_IRQHandler



ARM Macro Assembler    Page 12 


  321 00000020         TIM8_CC_IRQHandler
  322 00000020         DMA1_Stream7_IRQHandler
  323 00000020         FSMC_IRQHandler
  324 00000020         SDIO_IRQHandler
  325 00000020         TIM5_IRQHandler
  326 00000020         SPI3_IRQHandler
  327 00000020         UART4_IRQHandler
  328 00000020         UART5_IRQHandler
  329 00000020         TIM6_DAC_IRQHandler
  330 00000020         TIM7_IRQHandler
  331 00000020         DMA2_Stream0_IRQHandler
  332 00000020         DMA2_Stream1_IRQHandler
  333 00000020         DMA2_Stream2_IRQHandler
  334 00000020         DMA2_Stream3_IRQHandler
  335 00000020         DMA2_Stream4_IRQHandler
  336 00000020         ETH_IRQHandler
  337 00000020         ETH_WKUP_IRQHandler
  338 00000020         CAN2_TX_IRQHandler
  339 00000020         CAN2_RX0_IRQHandler
  340 00000020         CAN2_RX1_IRQHandler
  341 00000020         CAN2_SCE_IRQHandler
  342 00000020         OTG_FS_IRQHandler
  343 00000020         DMA2_Stream5_IRQHandler
  344 00000020         DMA2_Stream6_IRQHandler
  345 00000020         DMA2_Stream7_IRQHandler
  346 00000020         USART6_IRQHandler
  347 00000020         I2C3_EV_IRQHandler
  348 00000020         I2C3_ER_IRQHandler
  349 00000020         OTG_HS_EP1_OUT_IRQHandler
  350 00000020         OTG_HS_EP1_IN_IRQHandler
  351 00000020         OTG_HS_WKUP_IRQHandler
  352 00000020         OTG_HS_IRQHandler
  353 00000020         DCMI_IRQHandler
  354 00000020         CRYP_IRQHandler
  355 00000020         HASH_RNG_IRQHandler
  356 00000020         FPU_IRQHandler
  357 00000020         
  358 00000020 E7FE            B                .
  359 00000022         
  360 00000022                 ENDP
  361 00000022         
  362 00000022 00 00           ALIGN
  363 00000024         
  364 00000024         ;*******************************************************
                       ************************
  365 00000024         ; User Stack and Heap initialization
  366 00000024         ;*******************************************************
                       ************************
  367 00000024                 IF               :DEF:__MICROLIB
  374 00000024         
  375 00000024                 IMPORT           __use_two_region_memory
  376 00000024                 EXPORT           __user_initial_stackheap
  377 00000024         
  378 00000024         __user_initial_stackheap
  379 00000024         
  380 00000024 4804            LDR              R0, =  Heap_Mem
  381 00000026 4905            LDR              R1, =(Stack_Mem + Stack_Size)
  382 00000028 4A05            LDR              R2, = (Heap_Mem +  Heap_Size)
  383 0000002A 4B06            LDR              R3, = Stack_Mem



ARM Macro Assembler    Page 13 


  384 0000002C 4770            BX               LR
  385 0000002E         
  386 0000002E 00 00           ALIGN
  387 00000030         
  388 00000030                 ENDIF
  389 00000030         
  390 00000030                 END
              00000000 
              00000000 
              00000000 
              00000400 
              00000200 
              00000000 
Command Line: --debug --xref --diag_suppress=9931 --cpu=Cortex-M4 --apcs=interw
ork --depend=.\objects\startup.d -o.\objects\startup.o -ID:\Keil_v5\ARM\Packs\K
eil\STM32F4xx_DFP\2.17.1\Drivers\CMSIS\Device\ST\STM32F4xx\Include --predefine=
"__UVISION_VERSION SETA 541" --predefine="STM32F401xE SETA 1" --list=.\listings
\startup.lst system\startup.s



ARM Macro Assembler    Page 1 Alphabetic symbol ordering
Relocatable symbols

STACK 00000000

Symbol: STACK
   Definitions
      At line 4 in file system\startup.s
   Uses
      None
Comment: STACK unused
Stack_Mem 00000000

Symbol: Stack_Mem
   Definitions
      At line 5 in file system\startup.s
   Uses
      At line 381 in file system\startup.s
      At line 383 in file system\startup.s

__initial_sp 00000400

Symbol: __initial_sp
   Definitions
      At line 6 in file system\startup.s
   Uses
      At line 27 in file system\startup.s
Comment: __initial_sp used once
3 symbols



ARM Macro Assembler    Page 1 Alphabetic symbol ordering
Relocatable symbols

HEAP 00000000

Symbol: HEAP
   Definitions
      At line 12 in file system\startup.s
   Uses
      None
Comment: HEAP unused
Heap_Mem 00000000

Symbol: Heap_Mem
   Definitions
      At line 14 in file system\startup.s
   Uses
      At line 380 in file system\startup.s
      At line 382 in file system\startup.s

__heap_base 00000000

Symbol: __heap_base
   Definitions
      At line 13 in file system\startup.s
   Uses
      None
Comment: __heap_base unused
__heap_limit 00000200

Symbol: __heap_limit
   Definitions
      At line 15 in file system\startup.s
   Uses
      None
Comment: __heap_limit unused
4 symbols



ARM Macro Assembler    Page 1 Alphabetic symbol ordering
Relocatable symbols

RESET 00000000

Symbol: RESET
   Definitions
      At line 22 in file system\startup.s
   Uses
      None
Comment: RESET unused
__Vectors 00000000

Symbol: __Vectors
   Definitions
      At line 27 in file system\startup.s
   Uses
      At line 23 in file system\startup.s
      At line 129 in file system\startup.s

__Vectors_End 00000188

Symbol: __Vectors_End
   Definitions
      At line 127 in file system\startup.s
   Uses
      At line 24 in file system\startup.s
      At line 129 in file system\startup.s

3 symbols



ARM Macro Assembler    Page 1 Alphabetic symbol ordering
Relocatable symbols

.text 00000000

Symbol: .text
   Definitions
      At line 131 in file system\startup.s
   Uses
      None
Comment: .text unused
ADC_IRQHandler 00000020

Symbol: ADC_IRQHandler
   Definitions
      At line 293 in file system\startup.s
   Uses
      At line 62 in file system\startup.s
      At line 210 in file system\startup.s

BusFault_Handler 00000014

Symbol: BusFault_Handler
   Definitions
      At line 164 in file system\startup.s
   Uses
      At line 32 in file system\startup.s
      At line 165 in file system\startup.s

CAN1_RX0_IRQHandler 00000020

Symbol: CAN1_RX0_IRQHandler
   Definitions
      At line 295 in file system\startup.s
   Uses
      At line 64 in file system\startup.s
      At line 212 in file system\startup.s

CAN1_RX1_IRQHandler 00000020

Symbol: CAN1_RX1_IRQHandler
   Definitions
      At line 296 in file system\startup.s
   Uses
      At line 65 in file system\startup.s
      At line 213 in file system\startup.s

CAN1_SCE_IRQHandler 00000020

Symbol: CAN1_SCE_IRQHandler
   Definitions
      At line 297 in file system\startup.s
   Uses
      At line 66 in file system\startup.s
      At line 214 in file system\startup.s

CAN1_TX_IRQHandler 00000020

Symbol: CAN1_TX_IRQHandler
   Definitions
      At line 294 in file system\startup.s
   Uses



ARM Macro Assembler    Page 2 Alphabetic symbol ordering
Relocatable symbols

      At line 63 in file system\startup.s
      At line 211 in file system\startup.s

CAN2_RX0_IRQHandler 00000020

Symbol: CAN2_RX0_IRQHandler
   Definitions
      At line 339 in file system\startup.s
   Uses
      At line 108 in file system\startup.s
      At line 256 in file system\startup.s

CAN2_RX1_IRQHandler 00000020

Symbol: CAN2_RX1_IRQHandler
   Definitions
      At line 340 in file system\startup.s
   Uses
      At line 109 in file system\startup.s
      At line 257 in file system\startup.s

CAN2_SCE_IRQHandler 00000020

Symbol: CAN2_SCE_IRQHandler
   Definitions
      At line 341 in file system\startup.s
   Uses
      At line 110 in file system\startup.s
      At line 258 in file system\startup.s

CAN2_TX_IRQHandler 00000020

Symbol: CAN2_TX_IRQHandler
   Definitions
      At line 338 in file system\startup.s
   Uses
      At line 107 in file system\startup.s
      At line 255 in file system\startup.s

CRYP_IRQHandler 00000020

Symbol: CRYP_IRQHandler
   Definitions
      At line 354 in file system\startup.s
   Uses
      At line 123 in file system\startup.s
      At line 271 in file system\startup.s

DCMI_IRQHandler 00000020

Symbol: DCMI_IRQHandler
   Definitions
      At line 353 in file system\startup.s
   Uses
      At line 122 in file system\startup.s
      At line 270 in file system\startup.s

DMA1_Stream0_IRQHandler 00000020




ARM Macro Assembler    Page 3 Alphabetic symbol ordering
Relocatable symbols

Symbol: DMA1_Stream0_IRQHandler
   Definitions
      At line 286 in file system\startup.s
   Uses
      At line 55 in file system\startup.s
      At line 203 in file system\startup.s

DMA1_Stream1_IRQHandler 00000020

Symbol: DMA1_Stream1_IRQHandler
   Definitions
      At line 287 in file system\startup.s
   Uses
      At line 56 in file system\startup.s
      At line 204 in file system\startup.s

DMA1_Stream2_IRQHandler 00000020

Symbol: DMA1_Stream2_IRQHandler
   Definitions
      At line 288 in file system\startup.s
   Uses
      At line 57 in file system\startup.s
      At line 205 in file system\startup.s

DMA1_Stream3_IRQHandler 00000020

Symbol: DMA1_Stream3_IRQHandler
   Definitions
      At line 289 in file system\startup.s
   Uses
      At line 58 in file system\startup.s
      At line 206 in file system\startup.s

DMA1_Stream4_IRQHandler 00000020

Symbol: DMA1_Stream4_IRQHandler
   Definitions
      At line 290 in file system\startup.s
   Uses
      At line 59 in file system\startup.s
      At line 207 in file system\startup.s

DMA1_Stream5_IRQHandler 00000020

Symbol: DMA1_Stream5_IRQHandler
   Definitions
      At line 291 in file system\startup.s
   Uses
      At line 60 in file system\startup.s
      At line 208 in file system\startup.s

DMA1_Stream6_IRQHandler 00000020

Symbol: DMA1_Stream6_IRQHandler
   Definitions
      At line 292 in file system\startup.s
   Uses
      At line 61 in file system\startup.s



ARM Macro Assembler    Page 4 Alphabetic symbol ordering
Relocatable symbols

      At line 209 in file system\startup.s

DMA1_Stream7_IRQHandler 00000020

Symbol: DMA1_Stream7_IRQHandler
   Definitions
      At line 322 in file system\startup.s
   Uses
      At line 91 in file system\startup.s
      At line 239 in file system\startup.s

DMA2_Stream0_IRQHandler 00000020

Symbol: DMA2_Stream0_IRQHandler
   Definitions
      At line 331 in file system\startup.s
   Uses
      At line 100 in file system\startup.s
      At line 248 in file system\startup.s

DMA2_Stream1_IRQHandler 00000020

Symbol: DMA2_Stream1_IRQHandler
   Definitions
      At line 332 in file system\startup.s
   Uses
      At line 101 in file system\startup.s
      At line 249 in file system\startup.s

DMA2_Stream2_IRQHandler 00000020

Symbol: DMA2_Stream2_IRQHandler
   Definitions
      At line 333 in file system\startup.s
   Uses
      At line 102 in file system\startup.s
      At line 250 in file system\startup.s

DMA2_Stream3_IRQHandler 00000020

Symbol: DMA2_Stream3_IRQHandler
   Definitions
      At line 334 in file system\startup.s
   Uses
      At line 103 in file system\startup.s
      At line 251 in file system\startup.s

DMA2_Stream4_IRQHandler 00000020

Symbol: DMA2_Stream4_IRQHandler
   Definitions
      At line 335 in file system\startup.s
   Uses
      At line 104 in file system\startup.s
      At line 252 in file system\startup.s

DMA2_Stream5_IRQHandler 00000020

Symbol: DMA2_Stream5_IRQHandler



ARM Macro Assembler    Page 5 Alphabetic symbol ordering
Relocatable symbols

   Definitions
      At line 343 in file system\startup.s
   Uses
      At line 112 in file system\startup.s
      At line 260 in file system\startup.s

DMA2_Stream6_IRQHandler 00000020

Symbol: DMA2_Stream6_IRQHandler
   Definitions
      At line 344 in file system\startup.s
   Uses
      At line 113 in file system\startup.s
      At line 261 in file system\startup.s

DMA2_Stream7_IRQHandler 00000020

Symbol: DMA2_Stream7_IRQHandler
   Definitions
      At line 345 in file system\startup.s
   Uses
      At line 114 in file system\startup.s
      At line 262 in file system\startup.s

DebugMon_Handler 0000001A

Symbol: DebugMon_Handler
   Definitions
      At line 178 in file system\startup.s
   Uses
      At line 39 in file system\startup.s
      At line 179 in file system\startup.s

Default_Handler 00000020

Symbol: Default_Handler
   Definitions
      At line 191 in file system\startup.s
   Uses
      None
Comment: Default_Handler unused
ETH_IRQHandler 00000020

Symbol: ETH_IRQHandler
   Definitions
      At line 336 in file system\startup.s
   Uses
      At line 105 in file system\startup.s
      At line 253 in file system\startup.s

ETH_WKUP_IRQHandler 00000020

Symbol: ETH_WKUP_IRQHandler
   Definitions
      At line 337 in file system\startup.s
   Uses
      At line 106 in file system\startup.s
      At line 254 in file system\startup.s




ARM Macro Assembler    Page 6 Alphabetic symbol ordering
Relocatable symbols

EXTI0_IRQHandler 00000020

Symbol: EXTI0_IRQHandler
   Definitions
      At line 281 in file system\startup.s
   Uses
      At line 50 in file system\startup.s
      At line 198 in file system\startup.s

EXTI15_10_IRQHandler 00000020

Symbol: EXTI15_10_IRQHandler
   Definitions
      At line 315 in file system\startup.s
   Uses
      At line 84 in file system\startup.s
      At line 232 in file system\startup.s

EXTI1_IRQHandler 00000020

Symbol: EXTI1_IRQHandler
   Definitions
      At line 282 in file system\startup.s
   Uses
      At line 51 in file system\startup.s
      At line 199 in file system\startup.s

EXTI2_IRQHandler 00000020

Symbol: EXTI2_IRQHandler
   Definitions
      At line 283 in file system\startup.s
   Uses
      At line 52 in file system\startup.s
      At line 200 in file system\startup.s

EXTI3_IRQHandler 00000020

Symbol: EXTI3_IRQHandler
   Definitions
      At line 284 in file system\startup.s
   Uses
      At line 53 in file system\startup.s
      At line 201 in file system\startup.s

EXTI4_IRQHandler 00000020

Symbol: EXTI4_IRQHandler
   Definitions
      At line 285 in file system\startup.s
   Uses
      At line 54 in file system\startup.s
      At line 202 in file system\startup.s

EXTI9_5_IRQHandler 00000020

Symbol: EXTI9_5_IRQHandler
   Definitions
      At line 298 in file system\startup.s



ARM Macro Assembler    Page 7 Alphabetic symbol ordering
Relocatable symbols

   Uses
      At line 67 in file system\startup.s
      At line 215 in file system\startup.s

FLASH_IRQHandler 00000020

Symbol: FLASH_IRQHandler
   Definitions
      At line 279 in file system\startup.s
   Uses
      At line 48 in file system\startup.s
      At line 196 in file system\startup.s

FPU_IRQHandler 00000020

Symbol: FPU_IRQHandler
   Definitions
      At line 356 in file system\startup.s
   Uses
      At line 125 in file system\startup.s
      At line 273 in file system\startup.s

FSMC_IRQHandler 00000020

Symbol: FSMC_IRQHandler
   Definitions
      At line 323 in file system\startup.s
   Uses
      At line 92 in file system\startup.s
      At line 240 in file system\startup.s

HASH_RNG_IRQHandler 00000020

Symbol: HASH_RNG_IRQHandler
   Definitions
      At line 355 in file system\startup.s
   Uses
      At line 124 in file system\startup.s
      At line 272 in file system\startup.s

HardFault_Handler 00000010

Symbol: HardFault_Handler
   Definitions
      At line 154 in file system\startup.s
   Uses
      At line 30 in file system\startup.s
      At line 155 in file system\startup.s

I2C1_ER_IRQHandler 00000020

Symbol: I2C1_ER_IRQHandler
   Definitions
      At line 307 in file system\startup.s
   Uses
      At line 76 in file system\startup.s
      At line 224 in file system\startup.s

I2C1_EV_IRQHandler 00000020



ARM Macro Assembler    Page 8 Alphabetic symbol ordering
Relocatable symbols


Symbol: I2C1_EV_IRQHandler
   Definitions
      At line 306 in file system\startup.s
   Uses
      At line 75 in file system\startup.s
      At line 223 in file system\startup.s

I2C2_ER_IRQHandler 00000020

Symbol: I2C2_ER_IRQHandler
   Definitions
      At line 309 in file system\startup.s
   Uses
      At line 78 in file system\startup.s
      At line 226 in file system\startup.s

I2C2_EV_IRQHandler 00000020

Symbol: I2C2_EV_IRQHandler
   Definitions
      At line 308 in file system\startup.s
   Uses
      At line 77 in file system\startup.s
      At line 225 in file system\startup.s

I2C3_ER_IRQHandler 00000020

Symbol: I2C3_ER_IRQHandler
   Definitions
      At line 348 in file system\startup.s
   Uses
      At line 117 in file system\startup.s
      At line 265 in file system\startup.s

I2C3_EV_IRQHandler 00000020

Symbol: I2C3_EV_IRQHandler
   Definitions
      At line 347 in file system\startup.s
   Uses
      At line 116 in file system\startup.s
      At line 264 in file system\startup.s

MemManage_Handler 00000012

Symbol: MemManage_Handler
   Definitions
      At line 159 in file system\startup.s
   Uses
      At line 31 in file system\startup.s
      At line 160 in file system\startup.s

NMI_Handler 0000000E

Symbol: NMI_Handler
   Definitions
      At line 149 in file system\startup.s
   Uses



ARM Macro Assembler    Page 9 Alphabetic symbol ordering
Relocatable symbols

      At line 29 in file system\startup.s
      At line 150 in file system\startup.s

OTG_FS_IRQHandler 00000020

Symbol: OTG_FS_IRQHandler
   Definitions
      At line 342 in file system\startup.s
   Uses
      At line 111 in file system\startup.s
      At line 259 in file system\startup.s

OTG_FS_WKUP_IRQHandler 00000020

Symbol: OTG_FS_WKUP_IRQHandler
   Definitions
      At line 317 in file system\startup.s
   Uses
      At line 86 in file system\startup.s
      At line 234 in file system\startup.s

OTG_HS_EP1_IN_IRQHandler 00000020

Symbol: OTG_HS_EP1_IN_IRQHandler
   Definitions
      At line 350 in file system\startup.s
   Uses
      At line 119 in file system\startup.s
      At line 267 in file system\startup.s

OTG_HS_EP1_OUT_IRQHandler 00000020

Symbol: OTG_HS_EP1_OUT_IRQHandler
   Definitions
      At line 349 in file system\startup.s
   Uses
      At line 118 in file system\startup.s
      At line 266 in file system\startup.s

OTG_HS_IRQHandler 00000020

Symbol: OTG_HS_IRQHandler
   Definitions
      At line 352 in file system\startup.s
   Uses
      At line 121 in file system\startup.s
      At line 269 in file system\startup.s

OTG_HS_WKUP_IRQHandler 00000020

Symbol: OTG_HS_WKUP_IRQHandler
   Definitions
      At line 351 in file system\startup.s
   Uses
      At line 120 in file system\startup.s
      At line 268 in file system\startup.s

PVD_IRQHandler 00000020




ARM Macro Assembler    Page 10 Alphabetic symbol ordering
Relocatable symbols

Symbol: PVD_IRQHandler
   Definitions
      At line 276 in file system\startup.s
   Uses
      At line 45 in file system\startup.s
      At line 193 in file system\startup.s

PendSV_Handler 0000001C

Symbol: PendSV_Handler
   Definitions
      At line 182 in file system\startup.s
   Uses
      At line 41 in file system\startup.s
      At line 183 in file system\startup.s

RCC_IRQHandler 00000020

Symbol: RCC_IRQHandler
   Definitions
      At line 280 in file system\startup.s
   Uses
      At line 49 in file system\startup.s
      At line 197 in file system\startup.s

RTC_Alarm_IRQHandler 00000020

Symbol: RTC_Alarm_IRQHandler
   Definitions
      At line 316 in file system\startup.s
   Uses
      At line 85 in file system\startup.s
      At line 233 in file system\startup.s

RTC_WKUP_IRQHandler 00000020

Symbol: RTC_WKUP_IRQHandler
   Definitions
      At line 278 in file system\startup.s
   Uses
      At line 47 in file system\startup.s
      At line 195 in file system\startup.s

Reset_Handler 00000000

Symbol: Reset_Handler
   Definitions
      At line 134 in file system\startup.s
   Uses
      At line 28 in file system\startup.s
      At line 135 in file system\startup.s

SDIO_IRQHandler 00000020

Symbol: SDIO_IRQHandler
   Definitions
      At line 324 in file system\startup.s
   Uses
      At line 93 in file system\startup.s



ARM Macro Assembler    Page 11 Alphabetic symbol ordering
Relocatable symbols

      At line 241 in file system\startup.s

SPI1_IRQHandler 00000020

Symbol: SPI1_IRQHandler
   Definitions
      At line 310 in file system\startup.s
   Uses
      At line 79 in file system\startup.s
      At line 227 in file system\startup.s

SPI2_IRQHandler 00000020

Symbol: SPI2_IRQHandler
   Definitions
      At line 311 in file system\startup.s
   Uses
      At line 80 in file system\startup.s
      At line 228 in file system\startup.s

SPI3_IRQHandler 00000020

Symbol: SPI3_IRQHandler
   Definitions
      At line 326 in file system\startup.s
   Uses
      At line 95 in file system\startup.s
      At line 243 in file system\startup.s

SVC_Handler 00000018

Symbol: SVC_Handler
   Definitions
      At line 173 in file system\startup.s
   Uses
      At line 38 in file system\startup.s
      At line 174 in file system\startup.s

SysTick_Handler 0000001E

Symbol: SysTick_Handler
   Definitions
      At line 186 in file system\startup.s
   Uses
      At line 42 in file system\startup.s
      At line 187 in file system\startup.s

TAMP_STAMP_IRQHandler 00000020

Symbol: TAMP_STAMP_IRQHandler
   Definitions
      At line 277 in file system\startup.s
   Uses
      At line 46 in file system\startup.s
      At line 194 in file system\startup.s

TIM1_BRK_TIM9_IRQHandler 00000020

Symbol: TIM1_BRK_TIM9_IRQHandler



ARM Macro Assembler    Page 12 Alphabetic symbol ordering
Relocatable symbols

   Definitions
      At line 299 in file system\startup.s
   Uses
      At line 68 in file system\startup.s
      At line 216 in file system\startup.s

TIM1_CC_IRQHandler 00000020

Symbol: TIM1_CC_IRQHandler
   Definitions
      At line 302 in file system\startup.s
   Uses
      At line 71 in file system\startup.s
      At line 219 in file system\startup.s

TIM1_TRG_COM_TIM11_IRQHandler 00000020

Symbol: TIM1_TRG_COM_TIM11_IRQHandler
   Definitions
      At line 301 in file system\startup.s
   Uses
      At line 70 in file system\startup.s
      At line 218 in file system\startup.s

TIM1_UP_TIM10_IRQHandler 00000020

Symbol: TIM1_UP_TIM10_IRQHandler
   Definitions
      At line 300 in file system\startup.s
   Uses
      At line 69 in file system\startup.s
      At line 217 in file system\startup.s

TIM2_IRQHandler 00000020

Symbol: TIM2_IRQHandler
   Definitions
      At line 303 in file system\startup.s
   Uses
      At line 72 in file system\startup.s
      At line 220 in file system\startup.s

TIM3_IRQHandler 00000020

Symbol: TIM3_IRQHandler
   Definitions
      At line 304 in file system\startup.s
   Uses
      At line 73 in file system\startup.s
      At line 221 in file system\startup.s

TIM4_IRQHandler 00000020

Symbol: TIM4_IRQHandler
   Definitions
      At line 305 in file system\startup.s
   Uses
      At line 74 in file system\startup.s
      At line 222 in file system\startup.s



ARM Macro Assembler    Page 13 Alphabetic symbol ordering
Relocatable symbols


TIM5_IRQHandler 00000020

Symbol: TIM5_IRQHandler
   Definitions
      At line 325 in file system\startup.s
   Uses
      At line 94 in file system\startup.s
      At line 242 in file system\startup.s

TIM6_DAC_IRQHandler 00000020

Symbol: TIM6_DAC_IRQHandler
   Definitions
      At line 329 in file system\startup.s
   Uses
      At line 98 in file system\startup.s
      At line 246 in file system\startup.s

TIM7_IRQHandler 00000020

Symbol: TIM7_IRQHandler
   Definitions
      At line 330 in file system\startup.s
   Uses
      At line 99 in file system\startup.s
      At line 247 in file system\startup.s

TIM8_BRK_TIM12_IRQHandler 00000020

Symbol: TIM8_BRK_TIM12_IRQHandler
   Definitions
      At line 318 in file system\startup.s
   Uses
      At line 87 in file system\startup.s
      At line 235 in file system\startup.s

TIM8_CC_IRQHandler 00000020

Symbol: TIM8_CC_IRQHandler
   Definitions
      At line 321 in file system\startup.s
   Uses
      At line 90 in file system\startup.s
      At line 238 in file system\startup.s

TIM8_TRG_COM_TIM14_IRQHandler 00000020

Symbol: TIM8_TRG_COM_TIM14_IRQHandler
   Definitions
      At line 320 in file system\startup.s
   Uses
      At line 89 in file system\startup.s
      At line 237 in file system\startup.s

TIM8_UP_TIM13_IRQHandler 00000020

Symbol: TIM8_UP_TIM13_IRQHandler
   Definitions



ARM Macro Assembler    Page 14 Alphabetic symbol ordering
Relocatable symbols

      At line 319 in file system\startup.s
   Uses
      At line 88 in file system\startup.s
      At line 236 in file system\startup.s

UART4_IRQHandler 00000020

Symbol: UART4_IRQHandler
   Definitions
      At line 327 in file system\startup.s
   Uses
      At line 96 in file system\startup.s
      At line 244 in file system\startup.s

UART5_IRQHandler 00000020

Symbol: UART5_IRQHandler
   Definitions
      At line 328 in file system\startup.s
   Uses
      At line 97 in file system\startup.s
      At line 245 in file system\startup.s

USART1_IRQHandler 00000020

Symbol: USART1_IRQHandler
   Definitions
      At line 312 in file system\startup.s
   Uses
      At line 81 in file system\startup.s
      At line 229 in file system\startup.s

USART2_IRQHandler 00000020

Symbol: USART2_IRQHandler
   Definitions
      At line 313 in file system\startup.s
   Uses
      At line 82 in file system\startup.s
      At line 230 in file system\startup.s

USART3_IRQHandler 00000020

Symbol: USART3_IRQHandler
   Definitions
      At line 314 in file system\startup.s
   Uses
      At line 83 in file system\startup.s
      At line 231 in file system\startup.s

USART6_IRQHandler 00000020

Symbol: USART6_IRQHandler
   Definitions
      At line 346 in file system\startup.s
   Uses
      At line 115 in file system\startup.s
      At line 263 in file system\startup.s




ARM Macro Assembler    Page 15 Alphabetic symbol ordering
Relocatable symbols

UsageFault_Handler 00000016

Symbol: UsageFault_Handler
   Definitions
      At line 169 in file system\startup.s
   Uses
      At line 33 in file system\startup.s
      At line 170 in file system\startup.s

WWDG_IRQHandler 00000020

Symbol: WWDG_IRQHandler
   Definitions
      At line 275 in file system\startup.s
   Uses
      At line 44 in file system\startup.s
      At line 192 in file system\startup.s

__user_initial_stackheap 00000024

Symbol: __user_initial_stackheap
   Definitions
      At line 378 in file system\startup.s
   Uses
      At line 376 in file system\startup.s
Comment: __user_initial_stackheap used once
95 symbols



ARM Macro Assembler    Page 1 Alphabetic symbol ordering
Absolute symbols

Heap_Size 00000200

Symbol: Heap_Size
   Definitions
      At line 10 in file system\startup.s
   Uses
      At line 14 in file system\startup.s
      At line 382 in file system\startup.s

Stack_Size 00000400

Symbol: Stack_Size
   Definitions
      At line 2 in file system\startup.s
   Uses
      At line 5 in file system\startup.s
      At line 381 in file system\startup.s

__Vectors_Size 00000188

Symbol: __Vectors_Size
   Definitions
      At line 129 in file system\startup.s
   Uses
      At line 25 in file system\startup.s
Comment: __Vectors_Size used once
3 symbols



ARM Macro Assembler    Page 1 Alphabetic symbol ordering
External symbols

__use_two_region_memory 00000000

Symbol: __use_two_region_memory
   Definitions
      At line 375 in file system\startup.s
   Uses
      None
Comment: __use_two_region_memory unused
myScaterload 00000000

Symbol: myScaterload
   Definitions
      At line 138 in file system\startup.s
   Uses
      At line 142 in file system\startup.s
Comment: myScaterload used once
mySystemInit 00000000

Symbol: mySystemInit
   Definitions
      At line 136 in file system\startup.s
   Uses
      At line 140 in file system\startup.s
Comment: mySystemInit used once
mymain 00000000

Symbol: mymain
   Definitions
      At line 137 in file system\startup.s
   Uses
      At line 145 in file system\startup.s
Comment: mymain used once
4 symbols
448 symbols in table
